<?xml version="1.0" encoding="utf-8"?><testsuites name="pytest tests"><testsuite name="pytest" errors="0" failures="0" skipped="0" tests="14" time="16.295" timestamp="2026-01-26T11:33:54.159075+00:00" hostname="agent-env-a8f74065-55dd-4ea7-b3f6-9c80d7274c47"><testcase classname="backend.tests.test_supabase_auth.TestSupabaseAuthSync" name="test_supabase_sync_creates_new_user" time="2.696" /><testcase classname="backend.tests.test_supabase_auth.TestSupabaseAuthSync" name="test_supabase_sync_updates_existing_user" time="4.052" /><testcase classname="backend.tests.test_supabase_auth.TestSupabaseAuthSync" name="test_supabase_sync_sets_session_cookie" time="2.668" /><testcase classname="backend.tests.test_supabase_auth.TestSupabaseAuthSync" name="test_supabase_sync_missing_fields" time="0.037" /><testcase classname="backend.tests.test_supabase_auth.TestAuthProtection" name="test_auth_me_requires_authentication" time="0.038" /><testcase classname="backend.tests.test_supabase_auth.TestAuthProtection" name="test_profile_requires_authentication" time="0.036" /><testcase classname="backend.tests.test_supabase_auth.TestAuthProtection" name="test_links_requires_authentication" time="0.038" /><testcase classname="backend.tests.test_supabase_auth.TestAuthProtection" name="test_analytics_requires_authentication" time="0.040" /><testcase classname="backend.tests.test_supabase_auth.TestAuthProtection" name="test_invalid_session_rejected" time="0.376" /><testcase classname="backend.tests.test_supabase_auth.TestPublicProfileAccess" name="test_public_profile_accessible_without_auth" time="5.093" /><testcase classname="backend.tests.test_supabase_auth.TestPublicProfileAccess" name="test_public_profile_404_for_nonexistent" time="0.367" /><testcase classname="backend.tests.test_supabase_auth.TestForgotPassword" name="test_forgot_password_endpoint_exists" time="0.373" /><testcase classname="backend.tests.test_supabase_auth.TestForgotPassword" name="test_forgot_password_returns_success_for_any_email" time="0.367" /><testcase classname="backend.tests.test_supabase_auth.TestAPIHealth" name="test_api_root_returns_info" time="0.041" /></testsuite></testsuites>