<?xml version="1.0" encoding="utf-8"?><testsuites name="pytest tests"><testsuite name="pytest" errors="0" failures="0" skipped="0" tests="12" time="1.033" timestamp="2026-01-20T10:58:50.303467+00:00" hostname="agent-env-d4fb5868-7d35-4af1-91b5-090a578d913f"><testcase classname="tests.test_image_upload.TestImageUpload" name="test_api_health" time="0.081" /><testcase classname="tests.test_image_upload.TestImageUpload" name="test_auth_me" time="0.038" /><testcase classname="tests.test_image_upload.TestImageUpload" name="test_get_profile" time="0.040" /><testcase classname="tests.test_image_upload.TestImageUpload" name="test_avatar_upload" time="0.119" /><testcase classname="tests.test_image_upload.TestImageUpload" name="test_cover_upload" time="0.132" /><testcase classname="tests.test_image_upload.TestImageUpload" name="test_public_profile_with_images" time="0.038" /><testcase classname="tests.test_image_upload.TestImageUpload" name="test_existing_profile_jihemekacou" time="0.111" /><testcase classname="tests.test_image_upload.TestImageUpload" name="test_existing_profile_kounapster" time="0.093" /><testcase classname="tests.test_image_upload.TestImageUpload" name="test_avatar_delete" time="0.070" /><testcase classname="tests.test_image_upload.TestImageUpload" name="test_cover_delete" time="0.068" /><testcase classname="tests.test_image_upload.TestPublicProfileDisplay" name="test_public_profile_structure" time="0.035" /><testcase classname="tests.test_image_upload.TestPublicProfileDisplay" name="test_profile_name_fields" time="0.036" /></testsuite></testsuites>