<?xml version="1.0" encoding="utf-8"?><testsuites name="pytest tests"><testsuite name="pytest" errors="0" failures="0" skipped="0" tests="20" time="56.471" timestamp="2026-01-26T08:36:04.202112+00:00" hostname="agent-env-a8f74065-55dd-4ea7-b3f6-9c80d7274c47"><testcase classname="backend.tests.test_supabase_migration.TestAPIHealth" name="test_api_root" time="0.061" /><testcase classname="backend.tests.test_supabase_migration.TestAuthRegister" name="test_register_new_user" time="2.729" /><testcase classname="backend.tests.test_supabase_migration.TestAuthRegister" name="test_register_duplicate_email" time="3.120" /><testcase classname="backend.tests.test_supabase_migration.TestAuthLogin" name="test_login_success" time="3.442" /><testcase classname="backend.tests.test_supabase_migration.TestAuthLogin" name="test_login_invalid_credentials" time="3.103" /><testcase classname="backend.tests.test_supabase_migration.TestAuthLogin" name="test_login_nonexistent_user" time="3.077" /><testcase classname="backend.tests.test_supabase_migration.TestProfile" name="test_get_profile" time="3.760" /><testcase classname="backend.tests.test_supabase_migration.TestProfile" name="test_update_profile" time="5.154" /><testcase classname="backend.tests.test_supabase_migration.TestProfile" name="test_get_profile_unauthorized" time="2.760" /><testcase classname="backend.tests.test_supabase_migration.TestLinks" name="test_get_links_empty" time="4.092" /><testcase classname="backend.tests.test_supabase_migration.TestLinks" name="test_create_link" time="4.755" /><testcase classname="backend.tests.test_supabase_migration.TestLinks" name="test_delete_link" time="7.848" /><testcase classname="backend.tests.test_supabase_migration.TestPublicProfile" name="test_get_public_profile_demo" time="1.369" /><testcase classname="backend.tests.test_supabase_migration.TestPublicProfile" name="test_public_profile_not_found" time="0.368" /><testcase classname="backend.tests.test_supabase_migration.TestPhysicalCards" name="test_generate_cards" time="1.377" /><testcase classname="backend.tests.test_supabase_migration.TestPhysicalCards" name="test_get_card_status" time="1.088" /><testcase classname="backend.tests.test_supabase_migration.TestPhysicalCards" name="test_card_not_found" time="0.370" /><testcase classname="backend.tests.test_supabase_migration.TestAnalytics" name="test_get_analytics" time="5.062" /><testcase classname="backend.tests.test_supabase_migration.TestContactSubmission" name="test_submit_contact" time="1.060" /><testcase classname="backend.tests.test_supabase_migration.TestExistingTestUser" name="test_login_with_test_credentials" time="1.766" /></testsuite></testsuites>