<?xml version="1.0" encoding="utf-8"?><testsuites name="pytest tests"><testsuite name="pytest" errors="0" failures="0" skipped="0" tests="14" time="20.473" timestamp="2026-01-26T10:52:27.864801+00:00" hostname="agent-env-a8f74065-55dd-4ea7-b3f6-9c80d7274c47"><testcase classname="backend.tests.test_flexcard_features.TestForgotPassword" name="test_forgot_password_endpoint_exists" time="0.396" /><testcase classname="backend.tests.test_flexcard_features.TestForgotPassword" name="test_forgot_password_with_existing_email" time="0.368" /><testcase classname="backend.tests.test_flexcard_features.TestForgotPassword" name="test_forgot_password_with_nonexistent_email" time="0.371" /><testcase classname="backend.tests.test_flexcard_features.TestForgotPassword" name="test_forgot_password_invalid_email_format" time="0.077" /><testcase classname="backend.tests.test_flexcard_features.TestUserRegistration" name="test_register_creates_user" time="3.402" /><testcase classname="backend.tests.test_flexcard_features.TestUserRegistration" name="test_register_duplicate_email_rejected" time="0.373" /><testcase classname="backend.tests.test_flexcard_features.TestSocialLinksNormalization" name="test_add_link_without_protocol" time="4.373" /><testcase classname="backend.tests.test_flexcard_features.TestSocialLinksNormalization" name="test_add_link_with_protocol" time="4.440" /><testcase classname="backend.tests.test_flexcard_features.TestPublicProfile" name="test_public_profile_exists" time="1.369" /><testcase classname="backend.tests.test_flexcard_features.TestPublicProfile" name="test_public_profile_returns_links" time="1.388" /><testcase classname="backend.tests.test_flexcard_features.TestPublicProfile" name="test_public_profile_nonexistent" time="0.372" /><testcase classname="backend.tests.test_flexcard_features.TestPublicProfile" name="test_public_profile_click_tracking" time="2.399" /><testcase classname="backend.tests.test_flexcard_features.TestContactForm" name="test_submit_contact_form" time="1.034" /><testcase classname="backend.tests.test_flexcard_features.TestAPIHealth" name="test_api_root" time="0.053" /></testsuite></testsuites>