<?xml version="1.0" encoding="utf-8"?><testsuites name="pytest tests"><testsuite name="pytest" errors="0" failures="0" skipped="0" tests="20" time="56.974" timestamp="2026-01-26T09:41:13.484939+00:00" hostname="agent-env-a8f74065-55dd-4ea7-b3f6-9c80d7274c47"><testcase classname="backend.tests.test_supabase_migration.TestAPIHealth" name="test_api_root" time="0.108" /><testcase classname="backend.tests.test_supabase_migration.TestAuthRegister" name="test_register_new_user" time="2.774" /><testcase classname="backend.tests.test_supabase_migration.TestAuthRegister" name="test_register_duplicate_email" time="3.135" /><testcase classname="backend.tests.test_supabase_migration.TestAuthLogin" name="test_login_success" time="3.455" /><testcase classname="backend.tests.test_supabase_migration.TestAuthLogin" name="test_login_invalid_credentials" time="3.147" /><testcase classname="backend.tests.test_supabase_migration.TestAuthLogin" name="test_login_nonexistent_user" time="3.118" /><testcase classname="backend.tests.test_supabase_migration.TestProfile" name="test_get_profile" time="3.854" /><testcase classname="backend.tests.test_supabase_migration.TestProfile" name="test_update_profile" time="5.220" /><testcase classname="backend.tests.test_supabase_migration.TestProfile" name="test_get_profile_unauthorized" time="2.788" /><testcase classname="backend.tests.test_supabase_migration.TestLinks" name="test_get_links_empty" time="4.171" /><testcase classname="backend.tests.test_supabase_migration.TestLinks" name="test_create_link" time="4.815" /><testcase classname="backend.tests.test_supabase_migration.TestLinks" name="test_delete_link" time="7.985" /><testcase classname="backend.tests.test_supabase_migration.TestPublicProfile" name="test_get_public_profile_demo" time="1.409" /><testcase classname="backend.tests.test_supabase_migration.TestPublicProfile" name="test_public_profile_not_found" time="0.375" /><testcase classname="backend.tests.test_supabase_migration.TestPhysicalCards" name="test_generate_cards" time="1.386" /><testcase classname="backend.tests.test_supabase_migration.TestPhysicalCards" name="test_get_card_status" time="1.110" /><testcase classname="backend.tests.test_supabase_migration.TestPhysicalCards" name="test_card_not_found" time="0.374" /><testcase classname="backend.tests.test_supabase_migration.TestAnalytics" name="test_get_analytics" time="4.846" /><testcase classname="backend.tests.test_supabase_migration.TestContactSubmission" name="test_submit_contact" time="1.071" /><testcase classname="backend.tests.test_supabase_migration.TestExistingTestUser" name="test_login_with_test_credentials" time="1.768" /></testsuite></testsuites>