<?xml version="1.0" encoding="utf-8"?><testsuites name="pytest tests"><testsuite name="pytest" errors="0" failures="0" skipped="0" tests="20" time="55.896" timestamp="2026-01-26T08:40:26.687853+00:00" hostname="agent-env-a8f74065-55dd-4ea7-b3f6-9c80d7274c47"><testcase classname="backend.tests.test_supabase_migration.TestAPIHealth" name="test_api_root" time="0.082" /><testcase classname="backend.tests.test_supabase_migration.TestAuthRegister" name="test_register_new_user" time="2.784" /><testcase classname="backend.tests.test_supabase_migration.TestAuthRegister" name="test_register_duplicate_email" time="3.083" /><testcase classname="backend.tests.test_supabase_migration.TestAuthLogin" name="test_login_success" time="3.397" /><testcase classname="backend.tests.test_supabase_migration.TestAuthLogin" name="test_login_invalid_credentials" time="3.073" /><testcase classname="backend.tests.test_supabase_migration.TestAuthLogin" name="test_login_nonexistent_user" time="3.053" /><testcase classname="backend.tests.test_supabase_migration.TestProfile" name="test_get_profile" time="3.739" /><testcase classname="backend.tests.test_supabase_migration.TestProfile" name="test_update_profile" time="5.118" /><testcase classname="backend.tests.test_supabase_migration.TestProfile" name="test_get_profile_unauthorized" time="2.720" /><testcase classname="backend.tests.test_supabase_migration.TestLinks" name="test_get_links_empty" time="4.074" /><testcase classname="backend.tests.test_supabase_migration.TestLinks" name="test_create_link" time="4.752" /><testcase classname="backend.tests.test_supabase_migration.TestLinks" name="test_delete_link" time="7.797" /><testcase classname="backend.tests.test_supabase_migration.TestPublicProfile" name="test_get_public_profile_demo" time="1.368" /><testcase classname="backend.tests.test_supabase_migration.TestPublicProfile" name="test_public_profile_not_found" time="0.370" /><testcase classname="backend.tests.test_supabase_migration.TestPhysicalCards" name="test_generate_cards" time="1.368" /><testcase classname="backend.tests.test_supabase_migration.TestPhysicalCards" name="test_get_card_status" time="1.134" /><testcase classname="backend.tests.test_supabase_migration.TestPhysicalCards" name="test_card_not_found" time="0.371" /><testcase classname="backend.tests.test_supabase_migration.TestAnalytics" name="test_get_analytics" time="4.710" /><testcase classname="backend.tests.test_supabase_migration.TestContactSubmission" name="test_submit_contact" time="1.064" /><testcase classname="backend.tests.test_supabase_migration.TestExistingTestUser" name="test_login_with_test_credentials" time="1.734" /></testsuite></testsuites>