<?xml version="1.0" encoding="utf-8"?><testsuites name="pytest tests"><testsuite name="pytest" errors="0" failures="0" skipped="0" tests="18" time="1.189" timestamp="2026-01-20T11:41:57.059377+00:00" hostname="agent-env-d4fb5868-7d35-4af1-91b5-090a578d913f"><testcase classname="tests.test_flexcard_features.TestAPIHealth" name="test_api_root" time="0.075" /><testcase classname="tests.test_flexcard_features.TestAuthentication" name="test_auth_me_with_valid_token" time="0.042" /><testcase classname="tests.test_flexcard_features.TestAuthentication" name="test_auth_me_without_token" time="0.049" /><testcase classname="tests.test_flexcard_features.TestProfileCRUD" name="test_get_profile" time="0.051" /><testcase classname="tests.test_flexcard_features.TestProfileCRUD" name="test_update_profile" time="0.044" /><testcase classname="tests.test_flexcard_features.TestDeleteProfile" name="test_delete_profile_endpoint_exists" time="0.040" /><testcase classname="tests.test_flexcard_features.TestDeleteProfile" name="test_delete_profile_with_new_user" time="0.154" /><testcase classname="tests.test_flexcard_features.TestLinksCRUD" name="test_get_links" time="0.043" /><testcase classname="tests.test_flexcard_features.TestLinksCRUD" name="test_create_link" time="0.047" /><testcase classname="tests.test_flexcard_features.TestLinksCRUD" name="test_create_whatsapp_link_with_phone" time="0.040" /><testcase classname="tests.test_flexcard_features.TestLinksCRUD" name="test_update_link" time="0.119" /><testcase classname="tests.test_flexcard_features.TestLinksCRUD" name="test_delete_link" time="0.079" /><testcase classname="tests.test_flexcard_features.TestPublicProfile" name="test_get_public_profile" time="0.038" /><testcase classname="tests.test_flexcard_features.TestPublicProfile" name="test_public_profile_links_structure" time="0.079" /><testcase classname="tests.test_flexcard_features.TestPublicProfile" name="test_public_profile_kounapster" time="0.037" /><testcase classname="tests.test_flexcard_features.TestContactSubmission" name="test_submit_contact" time="0.043" /><testcase classname="tests.test_flexcard_features.TestAnalytics" name="test_get_analytics" time="0.038" /><testcase classname="tests.test_flexcard_features.TestWhatsAppOrderNumber" name="test_whatsapp_order_number_in_frontend" time="0.000" /></testsuite></testsuites>